549  [main] INFO  example.Main - info
558  [main] WARN  example.Main - warn
558  [main] ERROR example.Main - error
560  [Thread-0] WARN  example.workers.Worker - warn
560  [Thread-0] ERROR example.workers.Worker - error
1560 [Thread-0] WARN  example.workers.Worker - warn
1561 [Thread-0] ERROR example.workers.Worker - error
2565 [Thread-0] WARN  example.workers.Worker - warn
2566 [Thread-0] ERROR example.workers.Worker - error
3566 [Thread-0] WARN  example.workers.Worker - warn
3566 [Thread-0] ERROR example.workers.Worker - error
4569 [Thread-0] WARN  example.workers.Worker - warn
4569 [Thread-0] ERROR example.workers.Worker - error
283  [main] INFO  example.Main - info
285  [main] WARN  example.Main - warn
285  [main] ERROR example.Main - error
286  [Thread-0] WARN  example.workers.Worker - warn
287  [Thread-0] ERROR example.workers.Worker - error
1288 [Thread-0] WARN  example.workers.Worker - warn
1288 [Thread-0] ERROR example.workers.Worker - error
2293 [Thread-0] WARN  example.workers.Worker - warn
2293 [Thread-0] ERROR example.workers.Worker - error
3294 [Thread-0] WARN  example.workers.Worker - warn
3294 [Thread-0] ERROR example.workers.Worker - error
4294 [Thread-0] WARN  example.workers.Worker - warn
4295 [Thread-0] ERROR example.workers.Worker - error
5295 [Thread-0] WARN  example.workers.Worker - warn
5295 [Thread-0] ERROR example.workers.Worker - error
305  [main] INFO  example.Main - info
309  [main] WARN  example.Main - warn
310  [main] ERROR example.Main - error
312  [Thread-0] WARN  example.workers.Worker - warn
312  [Thread-0] ERROR example.workers.Worker - error
1313 [Thread-0] WARN  example.workers.Worker - warn
1313 [Thread-0] ERROR example.workers.Worker - error
2318 [Thread-0] WARN  example.workers.Worker - warn
2318 [Thread-0] ERROR example.workers.Worker - error
295  [main] INFO  example.Main - info
298  [main] WARN  example.Main - warn
298  [main] ERROR example.Main - error
299  [Thread-0] WARN  example.workers.Worker - warn
300  [Thread-0] ERROR example.workers.Worker - error
1300 [Thread-0] WARN  example.workers.Worker - warn
1300 [Thread-0] ERROR example.workers.Worker - error
2306 [Thread-0] WARN  example.workers.Worker - warn
2306 [Thread-0] ERROR example.workers.Worker - error
3307 [Thread-0] WARN  example.workers.Worker - warn
3307 [Thread-0] ERROR example.workers.Worker - error
4308 [Thread-0] WARN  example.workers.Worker - warn
4308 [Thread-0] ERROR example.workers.Worker - error
5308 [Thread-0] WARN  example.workers.Worker - warn
5308 [Thread-0] ERROR example.workers.Worker - error
